<?xml version="1.0" encoding="UTF-8"?>
<testng-results ignored="0" total="1" passed="1" failed="0" skipped="0">
  <reporter-output>
  </reporter-output>
  <suite started-at="2024-07-30T22:23:57 PDT" name="Default suite" finished-at="2024-07-30T22:23:57 PDT" duration-ms="483">
    <groups>
    </groups>
    <test started-at="2024-07-30T22:23:57 PDT" name="Default test" finished-at="2024-07-30T22:23:57 PDT" duration-ms="483">
      <class name="mySQL.SampleTest">
        <test-method signature="testDB()[pri:0, instance:mySQL.SampleTest@3e694b3f]" started-at="2024-07-30T22:23:57 PDT" name="testDB" finished-at="2024-07-30T22:23:57 PDT" duration-ms="448" status="PASS">
          <reporter-output>
          </reporter-output>
        </test-method> <!-- testDB -->
      </class> <!-- mySQL.SampleTest -->
    </test> <!-- Default test -->
  </suite> <!-- Default suite -->
</testng-results>
